Determining if the pthread_create exist failed with the following output:
Change Dir: /home/alf/catkin_ws/build/CMakeFiles/CMakeTmp

Run Build Command:"/usr/bin/make" "cmTC_34b29/fast"
/usr/bin/make -f CMakeFiles/cmTC_34b29.dir/build.make CMakeFiles/cmTC_34b29.dir/build
make[1]: Verzeichnis „/home/alf/catkin_ws/build/CMakeFiles/CMakeTmp“ wird betreten
Building C object CMakeFiles/cmTC_34b29.dir/CheckSymbolExists.c.o
/usr/bin/cc     -o CMakeFiles/cmTC_34b29.dir/CheckSymbolExists.c.o   -c /home/alf/catkin_ws/build/CMakeFiles/CMakeTmp/CheckSymbolExists.c
Linking C executable cmTC_34b29
/usr/bin/cmake -E cmake_link_script CMakeFiles/cmTC_34b29.dir/link.txt --verbose=1
/usr/bin/cc       CMakeFiles/cmTC_34b29.dir/CheckSymbolExists.c.o  -o cmTC_34b29 -rdynamic 
CMakeFiles/cmTC_34b29.dir/CheckSymbolExists.c.o: In Funktion `main':
CheckSymbolExists.c:(.text+0x16): Nicht definierter Verweis auf `pthread_create'
collect2: error: ld returned 1 exit status
CMakeFiles/cmTC_34b29.dir/build.make:97: die Regel für Ziel „cmTC_34b29“ scheiterte
make[1]: *** [cmTC_34b29] Fehler 1
make[1]: Verzeichnis „/home/alf/catkin_ws/build/CMakeFiles/CMakeTmp“ wird verlassen
Makefile:126: die Regel für Ziel „cmTC_34b29/fast“ scheiterte
make: *** [cmTC_34b29/fast] Fehler 2

File /home/alf/catkin_ws/build/CMakeFiles/CMakeTmp/CheckSymbolExists.c:
/* */
#include <pthread.h>

int main(int argc, char** argv)
{
  (void)argv;
#ifndef pthread_create
  return ((int*)(&pthread_create))[argc];
#else
  (void)argc;
  return 0;
#endif
}

Determining if the function pthread_create exists in the pthreads failed with the following output:
Change Dir: /home/alf/catkin_ws/build/CMakeFiles/CMakeTmp

Run Build Command:"/usr/bin/make" "cmTC_3d03a/fast"
/usr/bin/make -f CMakeFiles/cmTC_3d03a.dir/build.make CMakeFiles/cmTC_3d03a.dir/build
make[1]: Verzeichnis „/home/alf/catkin_ws/build/CMakeFiles/CMakeTmp“ wird betreten
Building C object CMakeFiles/cmTC_3d03a.dir/CheckFunctionExists.c.o
/usr/bin/cc    -DCHECK_FUNCTION_EXISTS=pthread_create   -o CMakeFiles/cmTC_3d03a.dir/CheckFunctionExists.c.o   -c /usr/share/cmake-3.5/Modules/CheckFunctionExists.c
Linking C executable cmTC_3d03a
/usr/bin/cmake -E cmake_link_script CMakeFiles/cmTC_3d03a.dir/link.txt --verbose=1
/usr/bin/cc   -DCHECK_FUNCTION_EXISTS=pthread_create    CMakeFiles/cmTC_3d03a.dir/CheckFunctionExists.c.o  -o cmTC_3d03a -rdynamic -lpthreads 
/usr/bin/ld: cannot find -lpthreads
collect2: error: ld returned 1 exit status
CMakeFiles/cmTC_3d03a.dir/build.make:97: die Regel für Ziel „cmTC_3d03a“ scheiterte
make[1]: *** [cmTC_3d03a] Fehler 1
make[1]: Verzeichnis „/home/alf/catkin_ws/build/CMakeFiles/CMakeTmp“ wird verlassen
Makefile:126: die Regel für Ziel „cmTC_3d03a/fast“ scheiterte
make: *** [cmTC_3d03a/fast] Fehler 2


Determining if the CL_VERSION_2_0 exist failed with the following output:
Change Dir: /home/alf/catkin_ws/build/CMakeFiles/CMakeTmp

Run Build Command:"/usr/bin/make" "cmTC_466c9/fast"
/usr/bin/make -f CMakeFiles/cmTC_466c9.dir/build.make CMakeFiles/cmTC_466c9.dir/build
make[1]: Verzeichnis „/home/alf/catkin_ws/build/CMakeFiles/CMakeTmp“ wird betreten
Building C object CMakeFiles/cmTC_466c9.dir/CheckSymbolExists.c.o
/usr/bin/cc     -o CMakeFiles/cmTC_466c9.dir/CheckSymbolExists.c.o   -c /home/alf/catkin_ws/build/CMakeFiles/CMakeTmp/CheckSymbolExists.c
/home/alf/catkin_ws/build/CMakeFiles/CMakeTmp/CheckSymbolExists.c:2:47: fatal error: OpenCL_INCLUDE_DIR-NOTFOUND/CL/cl.h: Datei oder Verzeichnis nicht gefunden
compilation terminated.
CMakeFiles/cmTC_466c9.dir/build.make:65: die Regel für Ziel „CMakeFiles/cmTC_466c9.dir/CheckSymbolExists.c.o“ scheiterte
make[1]: *** [CMakeFiles/cmTC_466c9.dir/CheckSymbolExists.c.o] Fehler 1
make[1]: Verzeichnis „/home/alf/catkin_ws/build/CMakeFiles/CMakeTmp“ wird verlassen
Makefile:126: die Regel für Ziel „cmTC_466c9/fast“ scheiterte
make: *** [cmTC_466c9/fast] Fehler 2

File /home/alf/catkin_ws/build/CMakeFiles/CMakeTmp/CheckSymbolExists.c:
/* */
#include <OpenCL_INCLUDE_DIR-NOTFOUND/CL/cl.h>

int main(int argc, char** argv)
{
  (void)argv;
#ifndef CL_VERSION_2_0
  return ((int*)(&CL_VERSION_2_0))[argc];
#else
  (void)argc;
  return 0;
#endif
}

Determining if the CL_VERSION_1_2 exist failed with the following output:
Change Dir: /home/alf/catkin_ws/build/CMakeFiles/CMakeTmp

Run Build Command:"/usr/bin/make" "cmTC_89575/fast"
/usr/bin/make -f CMakeFiles/cmTC_89575.dir/build.make CMakeFiles/cmTC_89575.dir/build
make[1]: Verzeichnis „/home/alf/catkin_ws/build/CMakeFiles/CMakeTmp“ wird betreten
Building C object CMakeFiles/cmTC_89575.dir/CheckSymbolExists.c.o
/usr/bin/cc     -o CMakeFiles/cmTC_89575.dir/CheckSymbolExists.c.o   -c /home/alf/catkin_ws/build/CMakeFiles/CMakeTmp/CheckSymbolExists.c
/home/alf/catkin_ws/build/CMakeFiles/CMakeTmp/CheckSymbolExists.c:2:47: fatal error: OpenCL_INCLUDE_DIR-NOTFOUND/CL/cl.h: Datei oder Verzeichnis nicht gefunden
compilation terminated.
CMakeFiles/cmTC_89575.dir/build.make:65: die Regel für Ziel „CMakeFiles/cmTC_89575.dir/CheckSymbolExists.c.o“ scheiterte
make[1]: *** [CMakeFiles/cmTC_89575.dir/CheckSymbolExists.c.o] Fehler 1
make[1]: Verzeichnis „/home/alf/catkin_ws/build/CMakeFiles/CMakeTmp“ wird verlassen
Makefile:126: die Regel für Ziel „cmTC_89575/fast“ scheiterte
make: *** [cmTC_89575/fast] Fehler 2

File /home/alf/catkin_ws/build/CMakeFiles/CMakeTmp/CheckSymbolExists.c:
/* */
#include <OpenCL_INCLUDE_DIR-NOTFOUND/CL/cl.h>

int main(int argc, char** argv)
{
  (void)argv;
#ifndef CL_VERSION_1_2
  return ((int*)(&CL_VERSION_1_2))[argc];
#else
  (void)argc;
  return 0;
#endif
}

Determining if the CL_VERSION_1_1 exist failed with the following output:
Change Dir: /home/alf/catkin_ws/build/CMakeFiles/CMakeTmp

Run Build Command:"/usr/bin/make" "cmTC_f8c81/fast"
/usr/bin/make -f CMakeFiles/cmTC_f8c81.dir/build.make CMakeFiles/cmTC_f8c81.dir/build
make[1]: Verzeichnis „/home/alf/catkin_ws/build/CMakeFiles/CMakeTmp“ wird betreten
Building C object CMakeFiles/cmTC_f8c81.dir/CheckSymbolExists.c.o
/usr/bin/cc     -o CMakeFiles/cmTC_f8c81.dir/CheckSymbolExists.c.o   -c /home/alf/catkin_ws/build/CMakeFiles/CMakeTmp/CheckSymbolExists.c
/home/alf/catkin_ws/build/CMakeFiles/CMakeTmp/CheckSymbolExists.c:2:47: fatal error: OpenCL_INCLUDE_DIR-NOTFOUND/CL/cl.h: Datei oder Verzeichnis nicht gefunden
compilation terminated.
CMakeFiles/cmTC_f8c81.dir/build.make:65: die Regel für Ziel „CMakeFiles/cmTC_f8c81.dir/CheckSymbolExists.c.o“ scheiterte
make[1]: *** [CMakeFiles/cmTC_f8c81.dir/CheckSymbolExists.c.o] Fehler 1
make[1]: Verzeichnis „/home/alf/catkin_ws/build/CMakeFiles/CMakeTmp“ wird verlassen
Makefile:126: die Regel für Ziel „cmTC_f8c81/fast“ scheiterte
make: *** [cmTC_f8c81/fast] Fehler 2

File /home/alf/catkin_ws/build/CMakeFiles/CMakeTmp/CheckSymbolExists.c:
/* */
#include <OpenCL_INCLUDE_DIR-NOTFOUND/CL/cl.h>

int main(int argc, char** argv)
{
  (void)argv;
#ifndef CL_VERSION_1_1
  return ((int*)(&CL_VERSION_1_1))[argc];
#else
  (void)argc;
  return 0;
#endif
}

Determining if the CL_VERSION_1_0 exist failed with the following output:
Change Dir: /home/alf/catkin_ws/build/CMakeFiles/CMakeTmp

Run Build Command:"/usr/bin/make" "cmTC_52697/fast"
/usr/bin/make -f CMakeFiles/cmTC_52697.dir/build.make CMakeFiles/cmTC_52697.dir/build
make[1]: Verzeichnis „/home/alf/catkin_ws/build/CMakeFiles/CMakeTmp“ wird betreten
Building C object CMakeFiles/cmTC_52697.dir/CheckSymbolExists.c.o
/usr/bin/cc     -o CMakeFiles/cmTC_52697.dir/CheckSymbolExists.c.o   -c /home/alf/catkin_ws/build/CMakeFiles/CMakeTmp/CheckSymbolExists.c
/home/alf/catkin_ws/build/CMakeFiles/CMakeTmp/CheckSymbolExists.c:2:47: fatal error: OpenCL_INCLUDE_DIR-NOTFOUND/CL/cl.h: Datei oder Verzeichnis nicht gefunden
compilation terminated.
CMakeFiles/cmTC_52697.dir/build.make:65: die Regel für Ziel „CMakeFiles/cmTC_52697.dir/CheckSymbolExists.c.o“ scheiterte
make[1]: *** [CMakeFiles/cmTC_52697.dir/CheckSymbolExists.c.o] Fehler 1
make[1]: Verzeichnis „/home/alf/catkin_ws/build/CMakeFiles/CMakeTmp“ wird verlassen
Makefile:126: die Regel für Ziel „cmTC_52697/fast“ scheiterte
make: *** [cmTC_52697/fast] Fehler 2

File /home/alf/catkin_ws/build/CMakeFiles/CMakeTmp/CheckSymbolExists.c:
/* */
#include <OpenCL_INCLUDE_DIR-NOTFOUND/CL/cl.h>

int main(int argc, char** argv)
{
  (void)argv;
#ifndef CL_VERSION_1_0
  return ((int*)(&CL_VERSION_1_0))[argc];
#else
  (void)argc;
  return 0;
#endif
}

