Determining if the pthread_create exist failed with the following output:
Change Dir: /home/alf/catkin_ws2/build/CMakeFiles/CMakeTmp

Run Build Command:"/usr/bin/make" "cmTC_87354/fast"
/usr/bin/make -f CMakeFiles/cmTC_87354.dir/build.make CMakeFiles/cmTC_87354.dir/build
make[1]: Verzeichnis „/home/alf/catkin_ws2/build/CMakeFiles/CMakeTmp“ wird betreten
Building C object CMakeFiles/cmTC_87354.dir/CheckSymbolExists.c.o
/usr/bin/cc     -o CMakeFiles/cmTC_87354.dir/CheckSymbolExists.c.o   -c /home/alf/catkin_ws2/build/CMakeFiles/CMakeTmp/CheckSymbolExists.c
Linking C executable cmTC_87354
/usr/bin/cmake -E cmake_link_script CMakeFiles/cmTC_87354.dir/link.txt --verbose=1
/usr/bin/cc       CMakeFiles/cmTC_87354.dir/CheckSymbolExists.c.o  -o cmTC_87354 -rdynamic 
CMakeFiles/cmTC_87354.dir/CheckSymbolExists.c.o: In Funktion `main':
CheckSymbolExists.c:(.text+0x16): Nicht definierter Verweis auf `pthread_create'
collect2: error: ld returned 1 exit status
CMakeFiles/cmTC_87354.dir/build.make:97: die Regel für Ziel „cmTC_87354“ scheiterte
make[1]: *** [cmTC_87354] Fehler 1
make[1]: Verzeichnis „/home/alf/catkin_ws2/build/CMakeFiles/CMakeTmp“ wird verlassen
Makefile:126: die Regel für Ziel „cmTC_87354/fast“ scheiterte
make: *** [cmTC_87354/fast] Fehler 2

File /home/alf/catkin_ws2/build/CMakeFiles/CMakeTmp/CheckSymbolExists.c:
/* */
#include <pthread.h>

int main(int argc, char** argv)
{
  (void)argv;
#ifndef pthread_create
  return ((int*)(&pthread_create))[argc];
#else
  (void)argc;
  return 0;
#endif
}

Determining if the function pthread_create exists in the pthreads failed with the following output:
Change Dir: /home/alf/catkin_ws2/build/CMakeFiles/CMakeTmp

Run Build Command:"/usr/bin/make" "cmTC_657e5/fast"
/usr/bin/make -f CMakeFiles/cmTC_657e5.dir/build.make CMakeFiles/cmTC_657e5.dir/build
make[1]: Verzeichnis „/home/alf/catkin_ws2/build/CMakeFiles/CMakeTmp“ wird betreten
Building C object CMakeFiles/cmTC_657e5.dir/CheckFunctionExists.c.o
/usr/bin/cc    -DCHECK_FUNCTION_EXISTS=pthread_create   -o CMakeFiles/cmTC_657e5.dir/CheckFunctionExists.c.o   -c /usr/share/cmake-3.5/Modules/CheckFunctionExists.c
Linking C executable cmTC_657e5
/usr/bin/cmake -E cmake_link_script CMakeFiles/cmTC_657e5.dir/link.txt --verbose=1
/usr/bin/cc   -DCHECK_FUNCTION_EXISTS=pthread_create    CMakeFiles/cmTC_657e5.dir/CheckFunctionExists.c.o  -o cmTC_657e5 -rdynamic -lpthreads 
/usr/bin/x86_64-linux-gnu-ld: cannot find -lpthreads
collect2: error: ld returned 1 exit status
CMakeFiles/cmTC_657e5.dir/build.make:97: die Regel für Ziel „cmTC_657e5“ scheiterte
make[1]: *** [cmTC_657e5] Fehler 1
make[1]: Verzeichnis „/home/alf/catkin_ws2/build/CMakeFiles/CMakeTmp“ wird verlassen
Makefile:126: die Regel für Ziel „cmTC_657e5/fast“ scheiterte
make: *** [cmTC_657e5/fast] Fehler 2


